<?xml version="1.0" encoding="UTF-8"?>
<testsuite xmlns:xsi="http://www.w3.org/2001/XMLSchema-instance" xsi:noNamespaceSchemaLocation="https://maven.apache.org/surefire/maven-surefire-plugin/xsd/surefire-test-report.xsd" name="com.example.questions.InterviewUnitTest" time="0.169" tests="2" errors="0" skipped="0" failures="0">
  <properties>
[...]
</properties>
  <testcase name="isAPhraseAPalindrome" classname="com.example.questions.InterviewUnitTest" time="0.122"/>
  <testcase name="areTheCharactersOfAStringUnique" classname="com.example.questions.InterviewUnitTest" time="0"/>
</testsuite>