<?xml version="1.0" encoding="UTF-8"?>
<testsuite xmlns:xsi="http://www.w3.org/2001/XMLSchema-instance" xsi:noNamespaceSchemaLocation="https://maven.apache.org/surefire/maven-surefire-plugin/xsd/surefire-test-report.xsd" name="com.example.questions.InterviewUnitTest" time="0.031" tests="2" errors="0" skipped="0" failures="2">
  <properties>
[...]
</properties>
  <testcase name="isAPhraseAPalindrome" classname="com.example.questions.InterviewUnitTest" time="0.024">
    <failure message="expected: &lt;true&gt; but was: &lt;false&gt;" type="org.opentest4j.AssertionFailedError"><![CDATA[org.opentest4j.AssertionFailedError: expected: <true> but was: <false>
	at com.example.questions.InterviewUnitTest.isAPhraseAPalindrome(InterviewUnitTest.java:21)
]]></failure>
    <system-out><![CDATA[*** Test: Palindrome Permutation

]]></system-out>
  </testcase>
  <testcase name="areTheCharactersOfAStringUnique" classname="com.example.questions.InterviewUnitTest" time="0.002">
    <failure message="expected: &lt;false&gt; but was: &lt;true&gt;" type="org.opentest4j.AssertionFailedError"><![CDATA[org.opentest4j.AssertionFailedError: expected: <false> but was: <true>
	at com.example.questions.InterviewUnitTest.areTheCharactersOfAStringUnique(InterviewUnitTest.java:11)
]]></failure>
    <system-out><![CDATA[*** Test: Unique characters?

]]></system-out>
  </testcase>
</testsuite>